<?xml version="1.0" encoding="UTF-8"?>
<testsuite name="com.telran.addressbook.tests.ContactDeletionTest" tests="1" skipped="0" failures="0" errors="0" timestamp="2018-10-31T10:45:50" hostname="Toxa7777-ПК" time="1.141">
  <properties/>
  <testcase name="testContactDeletion" classname="com.telran.addressbook.tests.ContactDeletionTest" time="1.141"/>
  <system-out><![CDATA[]]></system-out>
  <system-err><![CDATA[1540982750635	Marionette	DEBUG	[4294967297] Received DOM event beforeunload for http://localhost:8080/addressbook/
1540982750749	Marionette	DEBUG	[4294967297] Received DOM event pagehide for http://localhost:8080/addressbook/
1540982750756	Marionette	DEBUG	[4294967297] Received DOM event unload for http://localhost:8080/addressbook/
1540982751012	Marionette	DEBUG	[4294967297] Received DOM event DOMContentLoaded for http://localhost:8080/addressbook/
1540982751056	Marionette	DEBUG	[4294967297] Received DOM event pageshow for http://localhost:8080/addressbook/
1540982751333	Marionette	DEBUG	[4294967297] Canceled page load listener because no navigation has been detected
]]></system-err>
</testsuite>
