<?xml version="1.0" encoding="UTF-8"?>
<testsuite name="com.telran.addressbook.tests.ContactDeletionTest" tests="1" skipped="0" failures="0" errors="0" timestamp="2018-11-08T18:24:27" hostname="Toxa7777-ПК" time="0.58">
  <properties/>
  <testcase name="testContactDeletion" classname="com.telran.addressbook.tests.ContactDeletionTest" time="0.58"/>
  <system-out><![CDATA[]]></system-out>
  <system-err><![CDATA[1541701467919	Marionette	DEBUG	[6442450945] Received DOM event beforeunload for http://localhost:8080/addressbook/
1541701467949	Marionette	DEBUG	[6442450945] Received DOM event pagehide for http://localhost:8080/addressbook/
1541701467950	Marionette	DEBUG	[6442450945] Received DOM event unload for http://localhost:8080/addressbook/
1541701467997	Marionette	DEBUG	[6442450945] Received DOM event DOMContentLoaded for http://localhost:8080/addressbook/
1541701468007	Marionette	DEBUG	[6442450945] Received DOM event pageshow for http://localhost:8080/addressbook/
1541701468237	Marionette	DEBUG	[6442450945] Canceled page load listener because no navigation has been detected
]]></system-err>
</testsuite>
