<?xml version="1.0" encoding="UTF-8"?>
<testsuite name="com.telran.addressbook.tests.GroupCreationTests" tests="1" skipped="0" failures="0" errors="0" timestamp="2018-11-08T18:24:19" hostname="Toxa7777-ПК" time="1.898">
  <properties/>
  <testcase name="testGroupCreation" classname="com.telran.addressbook.tests.GroupCreationTests" time="1.898"/>
  <system-out><![CDATA[]]></system-out>
  <system-err><![CDATA[1541701459986	Marionette	DEBUG	[6442450945] Received DOM event beforeunload for http://localhost:8080/addressbook/
1541701460021	Marionette	DEBUG	[6442450945] Received DOM event pagehide for http://localhost:8080/addressbook/
1541701460022	Marionette	DEBUG	[6442450945] Received DOM event unload for http://localhost:8080/addressbook/
1541701460057	Marionette	DEBUG	[6442450945] Received DOM event DOMContentLoaded for http://localhost:8080/addressbook/group.php
1541701460070	Marionette	DEBUG	[6442450945] Received DOM event pageshow for http://localhost:8080/addressbook/group.php
1541701460232	Marionette	DEBUG	[6442450945] Received DOM event beforeunload for http://localhost:8080/addressbook/group.php
1541701460261	Marionette	DEBUG	[6442450945] Received DOM event pagehide for http://localhost:8080/addressbook/group.php
1541701460263	Marionette	DEBUG	[6442450945] Received DOM event unload for http://localhost:8080/addressbook/group.php
1541701460274	Marionette	DEBUG	[6442450945] Received DOM event DOMContentLoaded for http://localhost:8080/addressbook/group.php
1541701460285	Marionette	DEBUG	[6442450945] Received DOM event pageshow for http://localhost:8080/addressbook/group.php
1541701460560	Marionette	DEBUG	[6442450945] Canceled page load listener because no navigation has been detected
1541701460987	Marionette	DEBUG	[6442450945] Canceled page load listener because no navigation has been detected
1541701461486	Marionette	DEBUG	[6442450945] Canceled page load listener because no navigation has been detected
1541701461539	Marionette	DEBUG	[6442450945] Received DOM event beforeunload for http://localhost:8080/addressbook/group.php
1541701461607	Marionette	DEBUG	[6442450945] Received DOM event pagehide for http://localhost:8080/addressbook/group.php
1541701461608	Marionette	DEBUG	[6442450945] Received DOM event unload for http://localhost:8080/addressbook/group.php
1541701461701	Marionette	DEBUG	[6442450945] Received DOM event DOMContentLoaded for http://localhost:8080/addressbook/group.php
1541701461705	Marionette	DEBUG	[6442450945] Received DOM event pageshow for http://localhost:8080/addressbook/group.php
1541701461732	Marionette	DEBUG	[6442450945] Received DOM event beforeunload for http://localhost:8080/addressbook/group.php
1541701461764	Marionette	DEBUG	[6442450945] Received DOM event pagehide for http://localhost:8080/addressbook/group.php
1541701461765	Marionette	DEBUG	[6442450945] Received DOM event unload for http://localhost:8080/addressbook/group.php
1541701461776	Marionette	DEBUG	[6442450945] Received DOM event DOMContentLoaded for http://localhost:8080/addressbook/group.php
1541701461785	Marionette	DEBUG	[6442450945] Received DOM event pageshow for http://localhost:8080/addressbook/group.php
]]></system-err>
</testsuite>
