<?xml version="1.0" encoding="UTF-8"?>
<testsuite name="com.telran.addressbook.tests.ContactModificationTest" tests="1" skipped="0" failures="0" errors="0" timestamp="2018-11-12T12:39:20" hostname="Toxa7777-ПК" time="1.825">
  <properties/>
  <testcase name="testContactModification" classname="com.telran.addressbook.tests.ContactModificationTest" time="1.825"/>
  <system-out><![CDATA[]]></system-out>
  <system-err><![CDATA[1542026360793	Marionette	DEBUG	[6442450945] Received DOM event beforeunload for http://localhost:8080/addressbook/
1542026360833	Marionette	DEBUG	[6442450945] Received DOM event pagehide for http://localhost:8080/addressbook/
1542026360834	Marionette	DEBUG	[6442450945] Received DOM event unload for http://localhost:8080/addressbook/
1542026360871	Marionette	DEBUG	[6442450945] Received DOM event DOMContentLoaded for http://localhost:8080/addressbook/
1542026360881	Marionette	DEBUG	[6442450945] Received DOM event pageshow for http://localhost:8080/addressbook/
1542026361120	Marionette	DEBUG	[6442450945] Canceled page load listener because no navigation has been detected
1542026361137	Marionette	DEBUG	[6442450945] Received DOM event beforeunload for http://localhost:8080/addressbook/
1542026361166	Marionette	DEBUG	[6442450945] Received DOM event pagehide for http://localhost:8080/addressbook/
1542026361167	Marionette	DEBUG	[6442450945] Received DOM event unload for http://localhost:8080/addressbook/
1542026361192	Marionette	DEBUG	[6442450945] Received DOM event DOMContentLoaded for http://localhost:8080/addressbook/edit.php?id=36
1542026361196	Marionette	DEBUG	[6442450945] Received DOM event pageshow for http://localhost:8080/addressbook/edit.php?id=36
1542026361431	Marionette	DEBUG	[6442450945] Canceled page load listener because no navigation has been detected
1542026361686	Marionette	DEBUG	[6442450945] Canceled page load listener because no navigation has been detected
1542026361938	Marionette	DEBUG	[6442450945] Canceled page load listener because no navigation has been detected
1542026362193	Marionette	DEBUG	[6442450945] Canceled page load listener because no navigation has been detected
1542026362440	Marionette	DEBUG	[6442450945] Canceled page load listener because no navigation has been detected
1542026362505	Marionette	DEBUG	[6442450945] Received DOM event beforeunload for http://localhost:8080/addressbook/edit.php?id=36
1542026362573	Marionette	DEBUG	[6442450945] Received DOM event pagehide for http://localhost:8080/addressbook/edit.php?id=36
1542026362574	Marionette	DEBUG	[6442450945] Received DOM event unload for http://localhost:8080/addressbook/edit.php?id=36
1542026362582	Marionette	DEBUG	[6442450945] Received DOM event DOMContentLoaded for http://localhost:8080/addressbook/edit.php
1542026362596	Marionette	DEBUG	[6442450945] Received DOM event pageshow for http://localhost:8080/addressbook/edit.php
]]></system-err>
</testsuite>
